<?xml version="1.0" encoding="UTF-8"?>
<!-- Generated by org.testng.reporters.JUnitReportReporter -->
<testsuite hostname="DESKTOP-D3NJUQ1" failures="0" tests="1" name="TestRunner.Run" time="57.058" errors="0" timestamp="2025-01-24T18:36:26 IST" skipped="0">
  <testcase classname="TestRunner.Run" name="runScenario" time="57.058"/>
</testsuite> <!-- TestRunner.Run -->
